\BOOKMARK [1][-]{section.1}{\376\377\000I\000n\000t\000r\000o\000d\000u\000c\000t\000i\000o\000n}{}% 1
\BOOKMARK [2][-]{subsection.1.1}{\376\377\000B\000a\000c\000k\000g\000r\000o\000u\000n\000d\000\040\000I\000n\000t\000r\000o\000d\000u\000c\000t\000i\000o\000n}{section.1}% 2
\BOOKMARK [2][-]{subsection.1.2}{\376\377\000D\000r\000a\000w\000b\000a\000c\000k\000s\000\040\000o\000f\000\040\000T\000r\000a\000d\000i\000t\000i\000o\000n\000a\000l\000\040\000S\000o\000l\000u\000t\000i\000o\000n}{section.1}% 3
\BOOKMARK [2][-]{subsection.1.3}{\376\377\000A\000d\000v\000a\000n\000t\000a\000g\000e\000\040\000o\000f\000\040\000A\000c\000o\000u\000s\000t\000i\000c\000\040\000S\000o\000l\000u\000t\000i\000o\000n}{section.1}% 4
\BOOKMARK [2][-]{subsection.1.4}{\376\377\000D\000o\000c\000u\000m\000e\000n\000t\000\040\000O\000r\000g\000a\000n\000i\000z\000a\000t\000i\000o\000n}{section.1}% 5
\BOOKMARK [1][-]{section.2}{\376\377\000S\000y\000s\000t\000e\000m\000\040\000A\000r\000c\000h\000i\000t\000e\000c\000t\000u\000r\000e}{}% 6
\BOOKMARK [2][-]{subsection.2.1}{\376\377\000S\000y\000s\000t\000e\000m\000\040\000O\000v\000e\000r\000v\000i\000e\000w}{section.2}% 7
\BOOKMARK [2][-]{subsection.2.2}{\376\377\000W\000o\000r\000k\000i\000n\000g\000\040\000F\000l\000o\000w}{section.2}% 8
\BOOKMARK [2][-]{subsection.2.3}{\376\377\000F\000u\000n\000c\000t\000i\000o\000n\000\040\000M\000o\000d\000u\000l\000e\000s}{section.2}% 9
\BOOKMARK [1][-]{section.3}{\376\377\000W\000o\000r\000k\000i\000n\000g\000\040\000P\000r\000i\000n\000c\000i\000p\000l\000e}{}% 10
\BOOKMARK [2][-]{subsection.3.1}{\376\377\000R\000o\000l\000l\000i\000n\000g\000\040\000B\000e\000a\000r\000i\000n\000g\000\040\000F\000a\000u\000l\000t\000\040\000D\000i\000a\000g\000n\000o\000s\000i\000s\000\040\000P\000r\000i\000n\000c\000i\000p\000l\000e}{section.3}% 11
\BOOKMARK [2][-]{subsection.3.2}{\376\377\000W\000h\000e\000e\000l\000\040\000T\000r\000e\000a\000d\000\040\000F\000a\000u\000l\000t\000\040\000D\000i\000a\000g\000n\000o\000s\000i\000s\000\040\000P\000r\000i\000n\000c\000i\000p\000l\000e}{section.3}% 12
\BOOKMARK [1][-]{section.4}{\376\377\000S\000p\000e\000c\000i\000f\000i\000c\000a\000t\000i\000o\000n\000s\000\040\000o\000f\000\040\000c\000o\000m\000p\000o\000n\000e\000n\000t\000s}{}% 13
\BOOKMARK [2][-]{subsection.4.1}{\376\377\000R\000G\000M\000E\000\040\000D\000e\000v\000i\000c\000e}{section.4}% 14
\BOOKMARK [2][-]{subsection.4.2}{\376\377\000P\000o\000w\000e\000r\000\040\000M\000o\000d\000u\000l\000e}{section.4}% 15
\BOOKMARK [2][-]{subsection.4.3}{\376\377\000B\000a\000t\000t\000e\000r\000y\000\040\000M\000o\000d\000u\000l\000e}{section.4}% 16
\BOOKMARK [1][-]{section.5}{\376\377\000E\000l\000e\000c\000t\000r\000i\000c\000a\000l\000\040\000S\000c\000h\000e\000m\000a\000t\000i\000c\000\040\000D\000i\000a\000g\000r\000a\000m\000s}{}% 17
\BOOKMARK [2][-]{subsection.5.1}{\376\377\000P\000o\000w\000e\000r\000\040\000M\000o\000d\000u\000l\000e\000\040\000S\000c\000h\000e\000m\000a\000t\000i\000c\000\040\000D\000i\000a\000g\000r\000a\000m}{section.5}% 18
\BOOKMARK [2][-]{subsection.5.2}{\376\377\000B\000a\000t\000t\000e\000r\000y\000\040\000M\000o\000d\000u\000l\000e\000\040\000S\000c\000h\000e\000m\000a\000t\000i\000c\000\040\000D\000i\000a\000g\000r\000a\000m}{section.5}% 19
\BOOKMARK [1][-]{section.6}{\376\377\000M\000e\000c\000h\000a\000n\000i\000c\000a\000l\000\040\000D\000e\000s\000i\000g\000n\000\040\000a\000n\000d\000\040\000I\000n\000s\000t\000a\000l\000l\000a\000t\000i\000o\000n}{}% 20
\BOOKMARK [2][-]{subsection.6.1}{\376\377\000M\000e\000c\000h\000a\000n\000i\000c\000a\000l\000\040\000D\000e\000s\000i\000g\000n}{section.6}% 21
\BOOKMARK [3][-]{subsubsection.6.1.1}{\376\377\000R\000G\000M\000E\000\040\000D\000e\000v\000i\000c\000e}{subsection.6.1}% 22
\BOOKMARK [3][-]{subsubsection.6.1.2}{\376\377\000B\000a\000t\000t\000e\000r\000y\000\040\000M\000o\000d\000u\000l\000e}{subsection.6.1}% 23
\BOOKMARK [3][-]{subsubsection.6.1.3}{\376\377\000P\000o\000w\000e\000r\000\040\000M\000o\000d\000u\000l\000e}{subsection.6.1}% 24
\BOOKMARK [3][-]{subsubsection.6.1.4}{\376\377\000I\000n\000s\000t\000a\000l\000l\000a\000t\000i\000o\000n\000\040\000M\000o\000u\000n\000t\000i\000n\000g}{subsection.6.1}% 25
\BOOKMARK [2][-]{subsection.6.2}{\376\377\000I\000n\000s\000t\000a\000l\000l\000a\000t\000i\000o\000n\000\040\000w\000i\000t\000h\000\040\000B\000a\000t\000t\000e\000r\000y\000\040\000M\000o\000d\000u\000l\000e}{section.6}% 26
\BOOKMARK [3][-]{subsubsection.6.2.1}{\376\377\000I\000n\000s\000t\000a\000l\000l\000a\000t\000i\000o\000n\000\040\000T\000o\000o\000l\000s}{subsection.6.2}% 27
\BOOKMARK [3][-]{subsubsection.6.2.2}{\376\377\000I\000n\000s\000t\000a\000l\000l\000a\000t\000i\000o\000n\000\040\000E\000q\000u\000i\000p\000m\000e\000n\000t\000\040\000a\000n\000d\000\040\000A\000c\000c\000e\000s\000s\000o\000r\000i\000e\000s}{subsection.6.2}% 28
\BOOKMARK [3][-]{subsubsection.6.2.3}{\376\377\000P\000r\000e\000-\000i\000n\000s\000t\000a\000l\000l\000a\000t\000i\000o\000n\000\040\000P\000r\000e\000p\000a\000r\000a\000t\000i\000o\000n}{subsection.6.2}% 29
\BOOKMARK [3][-]{subsubsection.6.2.4}{\376\377\000I\000n\000s\000t\000a\000l\000l\000a\000t\000i\000o\000n\000\040\000o\000n\000\040\000C\000a\000r}{subsection.6.2}% 30
\BOOKMARK [2][-]{subsection.6.3}{\376\377\000I\000n\000s\000t\000a\000l\000l\000a\000t\000i\000o\000n\000\040\000w\000i\000t\000h\000\040\000P\000o\000w\000e\000r\000\040\000M\000o\000d\000u\000l\000e}{section.6}% 31
\BOOKMARK [3][-]{subsubsection.6.3.1}{\376\377\000I\000n\000s\000t\000a\000l\000l\000a\000t\000i\000o\000n\000\040\000T\000o\000o\000l\000s}{subsection.6.3}% 32
\BOOKMARK [3][-]{subsubsection.6.3.2}{\376\377\000I\000n\000s\000t\000a\000l\000l\000a\000t\000i\000o\000n\000\040\000E\000q\000u\000i\000p\000m\000e\000n\000t\000\040\000a\000n\000d\000\040\000A\000c\000c\000e\000s\000s\000o\000r\000i\000e\000s}{subsection.6.3}% 33
\BOOKMARK [3][-]{subsubsection.6.3.3}{\376\377\000P\000r\000e\000-\000i\000n\000s\000t\000a\000l\000l\000a\000t\000i\000o\000n\000\040\000P\000r\000e\000p\000a\000r\000a\000t\000i\000o\000n}{subsection.6.3}% 34
\BOOKMARK [3][-]{subsubsection.6.3.4}{\376\377\000I\000n\000s\000t\000a\000l\000l\000a\000t\000i\000o\000n\000\040\000o\000n\000\040\000C\000a\000r}{subsection.6.3}% 35
\BOOKMARK [3][-]{subsubsection.6.3.5}{\376\377\000C\000a\000b\000l\000e\000\040\000L\000a\000y\000i\000n\000g\000\040\000a\000n\000d\000\040\000P\000r\000o\000t\000e\000c\000t\000i\000o\000n}{subsection.6.3}% 36
\BOOKMARK [2][-]{subsection.6.4}{\376\377\000C\000a\000l\000c\000u\000l\000a\000t\000i\000o\000n\000\040\000R\000e\000p\000o\000r\000t\000\040\000o\000f\000\040\000I\000n\000s\000t\000a\000l\000l\000a\000t\000i\000o\000n}{section.6}% 37
\BOOKMARK [3][-]{subsubsection.6.4.1}{\376\377\000E\000a\000c\000h\000\040\000M\000o\000d\000u\000l\000e\000\040\000w\000i\000t\000h\000\040\000M\000o\000u\000n\000t\000i\000n\000g}{subsection.6.4}% 38
\BOOKMARK [3][-]{subsubsection.6.4.2}{\376\377\000E\000a\000c\000h\000\040\000M\000o\000d\000u\000l\000e\000\040\000w\000i\000t\000h\000\040\000S\000t\000r\000u\000c\000t\000u\000r\000e\000\040\000B\000e\000a\000m}{subsection.6.4}% 39
\BOOKMARK [1][-]{section.7}{\376\377\000S\000a\000f\000e\000t\000y\000\040\000M\000a\000n\000a\000g\000e\000m\000e\000n\000t\000\040\000P\000l\000a\000n}{}% 40
\BOOKMARK [2][-]{subsection.7.1}{\376\377\000I\000n\000t\000r\000o\000d\000u\000c\000t\000i\000o\000n}{section.7}% 41
\BOOKMARK [2][-]{subsection.7.2}{\376\377\000S\000a\000f\000e\000t\000y\000\040\000P\000o\000l\000i\000c\000y}{section.7}% 42
\BOOKMARK [2][-]{subsection.7.3}{\376\377\000H\000a\000r\000z\000a\000d\000\040\000I\000d\000e\000n\000t\000i\000f\000i\000c\000a\000t\000i\000o\000n\000\040\000a\000n\000d\000\040\000R\000i\000s\000k\000\040\000A\000s\000s\000e\000s\000s\000m\000e\000n\000t}{section.7}% 43
\BOOKMARK [3][-]{subsubsection.7.3.1}{\376\377\000H\000a\000r\000z\000a\000r\000d\000\040\000I\000d\000e\000n\000t\000i\000f\000i\000c\000a\000t\000i\000o\000n}{subsection.7.3}% 44
\BOOKMARK [3][-]{subsubsection.7.3.2}{\376\377\000R\000i\000s\000k\000\040\000A\000s\000s\000e\000s\000s\000m\000e\000n\000t}{subsection.7.3}% 45
\BOOKMARK [2][-]{subsection.7.4}{\376\377\000S\000a\000f\000e\000t\000y\000\040\000M\000e\000a\000s\000u\000r\000e\000s}{section.7}% 46
\BOOKMARK [2][-]{subsection.7.5}{\376\377\000S\000a\000f\000e\000t\000y\000\040\000T\000r\000a\000i\000n\000i\000n\000g}{section.7}% 47
\BOOKMARK [2][-]{subsection.7.6}{\376\377\000E\000m\000e\000r\000g\000e\000n\000c\000y\000\040\000R\000e\000s\000p\000o\000n\000s\000e\000\040\000P\000l\000a\000n}{section.7}% 48
\BOOKMARK [2][-]{subsection.7.7}{\376\377\000M\000o\000n\000i\000t\000o\000r\000i\000n\000g\000\040\000a\000n\000d\000\040\000R\000e\000v\000i\000e\000w}{section.7}% 49
\BOOKMARK [1][-]{section.8}{\376\377\000H\000a\000r\000z\000a\000r\000d\000\040\000L\000o\000g\000\040\000a\000n\000d\000\040\000R\000i\000s\000k\000\040\000R\000e\000g\000i\000s\000t\000e\000r}{}% 50
\BOOKMARK [2][-]{subsection.8.1}{\376\377\000O\000p\000e\000r\000a\000t\000i\000o\000n\000a\000l\000\040\000H\000a\000r\000z\000a\000r\000d\000\040\000L\000o\000g}{section.8}% 51
\BOOKMARK [2][-]{subsection.8.2}{\376\377\000P\000r\000o\000j\000e\000c\000t\000\040\000R\000i\000s\000k\000\040\000R\000e\000g\000i\000s\000t\000e\000r}{section.8}% 52
\BOOKMARK [3][-]{subsubsection.8.2.1}{\376\377\000M\000a\000n\000a\000g\000e\000m\000e\000n\000t\000\040\000R\000i\000s\000k\000s}{subsection.8.2}% 53
\BOOKMARK [3][-]{subsubsection.8.2.2}{\376\377\000T\000e\000c\000h\000n\000i\000c\000a\000l\000\040\000R\000i\000s\000k\000s}{subsection.8.2}% 54
\BOOKMARK [3][-]{subsubsection.8.2.3}{\376\377\000B\000u\000s\000i\000n\000e\000s\000s\000\040\000R\000i\000s\000k\000s}{subsection.8.2}% 55
\BOOKMARK [1][-]{section.9}{\376\377\000Q\000u\000a\000l\000i\000t\000i\000y\000\040\000M\000a\000n\000a\000g\000e\000m\000e\000n\000t\000\040\000P\000l\000a\000n}{}% 56
\BOOKMARK [2][-]{subsection.9.1}{\376\377\000I\000n\000t\000r\000o\000d\000u\000c\000t\000i\000o\000n}{section.9}% 57
\BOOKMARK [2][-]{subsection.9.2}{\376\377\000Q\000u\000a\000l\000i\000t\000y\000\040\000a\000s\000s\000u\000r\000a\000n\000c\000e\000\040\000o\000r\000g\000a\000n\000i\000z\000a\000t\000i\000o\000n\000a\000l\000\040\000s\000t\000r\000u\000c\000t\000u\000r\000e\000\040\000a\000n\000d\000\040\000r\000e\000s\000p\000o\000n\000s\000i\000b\000i\000l\000i\000t\000i\000e\000s}{section.9}% 58
\BOOKMARK [1][-]{section.10}{\376\377\000M\000M\000I\000\040\000D\000e\000s\000i\000g\000n}{}% 59
\BOOKMARK [2][-]{subsection.10.1}{\376\377\000D\000e\000v\000i\000c\000e\000\040\000I\000n\000f\000o}{section.10}% 60
\BOOKMARK [2][-]{subsection.10.2}{\376\377\000S\000a\000m\000p\000l\000i\000n\000g\000\040\000C\000o\000n\000f\000i\000g\000u\000r\000a\000t\000i\000o\000n\000s}{section.10}% 61
\BOOKMARK [2][-]{subsection.10.3}{\376\377\000S\000t\000o\000r\000a\000g\000e\000\040\000C\000o\000n\000f\000i\000g\000u\000r\000a\000t\000i\000o\000n\000s}{section.10}% 62
\BOOKMARK [2][-]{subsection.10.4}{\376\377\000N\000e\000t\000w\000o\000r\000k\000\040\000C\000o\000n\000f\000i\000g\000u\000r\000a\000t\000i\000o\000n\000s}{section.10}% 63
\BOOKMARK [2][-]{subsection.10.5}{\376\377\000S\000e\000r\000v\000e\000r\000\040\000C\000o\000n\000f\000i\000g\000u\000r\000a\000t\000i\000o\000n\000s}{section.10}% 64
\BOOKMARK [2][-]{subsection.10.6}{\376\377\000D\000a\000t\000a\000\040\000M\000a\000n\000a\000g\000e\000m\000e\000n\000t}{section.10}% 65
\BOOKMARK [2][-]{subsection.10.7}{\376\377\000L\000o\000g\000\040\000R\000e\000p\000o\000r\000t}{section.10}% 66
\BOOKMARK [1][-]{section.11}{\376\377\000C\000o\000m\000p\000l\000i\000e\000d\000\040\000S\000t\000a\000n\000d\000a\000r\000d\000s}{}% 67
\BOOKMARK [2][-]{subsection.11.1}{\376\377\000A\000l\000r\000e\000a\000d\000y\000\040\000C\000o\000m\000p\000l\000i\000e\000d\000\040\000S\000t\000a\000n\000d\000a\000r\000d\000s}{section.11}% 68
\BOOKMARK [3][-]{subsubsection.11.1.1}{\376\377\000G\000B\000/\000T\0002\0004\0002\0003\000-\0002\0000\0001\0006\000/\000I\000E\000C\0006\0000\0000\0006\0008\000:\0002\0000\0001\0002\000\040\000E\000n\000v\000i\000r\000o\000n\000m\000e\000n\000t\000a\000l\000\040\000t\000e\000s\000t\000i\000n\000g}{subsection.11.1}% 69
\BOOKMARK [3][-]{subsubsection.11.1.2}{\376\377\000G\000B\000/\000T\0001\0007\0006\0002\0006\000-\0002\0000\0001\0008\000/\000I\000E\000C\0006\0001\0000\0000\0000\000:\0002\0000\0000\0008\000\040\000E\000l\000e\000c\000t\000r\000o\000m\000a\000g\000n\000e\000t\000i\000c\000\040\000c\000o\000m\000p\000a\000t\000i\000b\000i\000l\000i\000t\000y\000\040\000\050\000E\000M\000C\000\051}{subsection.11.1}% 70
\BOOKMARK [3][-]{subsubsection.11.1.3}{\376\377\000G\000B\000/\000T\0004\0002\0000\0008\000-\0002\0000\0001\0007\000/\000I\000E\000C\0006\0000\0005\0002\0009\000:\0002\0000\0001\0003\000\040\000D\000e\000g\000r\000e\000e\000s\000\040\000o\000f\000\040\000p\000r\000o\000t\000e\000c\000t\000i\000o\000n\000\040\000p\000r\000o\000v\000i\000d\000e\000d\000\040\000b\000y\000\040\000e\000n\000c\000l\000o\000s\000u\000r\000e\000s\000\040\000\050\000I\000P\000\040\000c\000o\000d\000e\000\051}{subsection.11.1}% 71
\BOOKMARK [3][-]{subsubsection.11.1.4}{\376\377\000G\000B\0005\0002\0002\0006\000-\0001\000-\0002\0000\0001\0009\000/\000I\000E\000C\0006\0000\0002\0000\0004\000-\0001\000:\0002\0000\0001\0006\000\040\000S\000a\000f\000e\000t\000y\000\040\000o\000f\000\040\000m\000a\000c\000h\000i\000n\000e\000r\000y\000\040\000-\000\040\000E\000l\000e\000c\000t\000r\000i\000c\000a\000l\000\040\000e\000q\000u\000i\000p\000m\000e\000n\000t\000\040\000o\000f\000\040\000m\000a\000c\000h\000i\000n\000e\000s\000\040\000G\000e\000n\000e\000r\000a\000l\000\040\000r\000e\000q\000u\000i\000r\000e\000m\000e\000n\000t\000s\000G\000B\0004\0009\0004\0003\000.\0001\000-\0002\0000\0002\0002\000/\000I\000E\000C\0006\0002\0003\0006\0008\000-\0001\000:\0002\0000\0001\0008\000\040\000A\000u\000d\000i\000o\000/\000v\000i\000d\000e\000o\000,\000i\000n\000f\000o\000r\000m\000a\000t\000i\000o\000n\000\040\000a\000n\000d\000\040\000c\000o\000m\000m\000u\000n\000i\000c\000a\000t\000i\000o\000n\000\040\000t\000e\000c\000h\000n\000o\000l\000o\000g\000y\000\040\000e\000q\000u\000i\000p\000m\000e\000n\000t\000\040\000S\000a\000f\000e\000t\000y\000\040\000r\000e\000q\000u\000i\000r\000e\000m\000e\000n\000t\000s}{subsection.11.1}% 72
\BOOKMARK [2][-]{subsection.11.2}{\376\377\000T\000o\000\040\000B\000e\000\040\000C\000o\000m\000p\000l\000i\000e\000d\000\040\000S\000t\000a\000n\000d\000a\000r\000d\000s}{section.11}% 73
\BOOKMARK [3][-]{subsubsection.11.2.1}{\376\377\000E\000N\000\040\0005\0000\0001\0005\0005\000:\0002\0000\0001\0007\000\040\000R\000a\000i\000l\000w\000a\000y\000\040\000a\000p\000p\000l\000i\000c\000a\000t\000i\000o\000n\000s\000\040\040\024\000\040\000R\000o\000l\000l\000i\000n\000g\000\040\000s\000t\000o\000c\000k\000\040\000e\000q\000u\000i\000p\000m\000e\000n\000t\000\040\040\024\000\040\000e\000l\000e\000c\000t\000r\000o\000n\000i\000c\000\040\000e\000q\000u\000i\000p\000m\000e\000n\000t}{subsection.11.2}% 74
\BOOKMARK [3][-]{subsubsection.11.2.2}{\376\377\000G\000B\000/\000T\0002\0001\0005\0006\0003\000-\0002\0000\0001\0008\000/\000I\000E\000C\0006\0001\0003\0007\0003\000:\0002\0000\0001\0000\000\040\000R\000a\000i\000l\000w\000a\000y\000\040\000a\000p\000p\000l\000i\000c\000a\000t\000i\000o\000n\000s\000\040\040\024\000\040\000R\000o\000l\000l\000i\000n\000g\000s\000t\000o\000c\000k\000\040\000e\000q\000u\000i\000p\000m\000e\000n\000t\000\040\040\024\000\040\000S\000h\000o\000c\000k\000\040\000a\000n\000d\000\040\000v\000i\000b\000r\000a\000t\000i\000o\000n\000\040\000t\000e\000s\000t\000s}{subsection.11.2}% 75
\BOOKMARK [1][-]{section.12}{\376\377\000F\000a\000c\000t\000o\000r\000y\000\040\000T\000e\000s\000t\000\040\000R\000e\000p\000o\000r\000t}{}% 76
